<?xml version="1.0" encoding="UTF-8"?>
<testng-results skipped="0" failed="0" ignored="0" total="1" passed="1">
  <reporter-output>
  </reporter-output>
  <suite name="CommunicationCloud" duration-ms="100887" started-at="2020-06-23T06:50:42Z" finished-at="2020-06-23T06:52:23Z">
    <groups>
    </groups>
    <test name="Login Page" duration-ms="100887" started-at="2020-06-23T06:50:42Z" finished-at="2020-06-23T06:52:23Z">
      <class name="com.ccs.testCases.TC_LoginDDT_002">
        <test-method status="PASS" signature="setup(java.lang.String)[pri:0, instance:com.ccs.testCases.TC_LoginDDT_002@1a968a59]" name="setup" is-config="true" duration-ms="5066" started-at="2020-06-23T06:50:42Z" finished-at="2020-06-23T06:50:47Z">
          <params>
            <param index="0">
              <value>
                <![CDATA[chrome]]>
              </value>
            </param>
          </params>
          <reporter-output>
          </reporter-output>
        </test-method> <!-- setup -->
        <test-method status="PASS" signature="LoginDDT(java.lang.String, java.lang.String)[pri:0, instance:com.ccs.testCases.TC_LoginDDT_002@1a968a59]" name="LoginDDT" duration-ms="93157" started-at="2020-06-23T06:50:48Z" data-provider="LoginData" finished-at="2020-06-23T06:52:21Z">
          <params>
            <param index="0">
              <value>
                <![CDATA[munirathnam.singiri@oracle.com]]>
              </value>
            </param>
            <param index="1">
              <value>
                <![CDATA[Password@123]]>
              </value>
            </param>
          </params>
          <reporter-output>
          </reporter-output>
        </test-method> <!-- LoginDDT -->
        <test-method status="PASS" signature="tearDown()[pri:0, instance:com.ccs.testCases.TC_LoginDDT_002@1a968a59]" name="tearDown" is-config="true" duration-ms="1336" started-at="2020-06-23T06:52:21Z" finished-at="2020-06-23T06:52:23Z">
          <reporter-output>
          </reporter-output>
        </test-method> <!-- tearDown -->
      </class> <!-- com.ccs.testCases.TC_LoginDDT_002 -->
    </test> <!-- Login Page -->
  </suite> <!-- CommunicationCloud -->
</testng-results>
